<?xml version="1.0" encoding="UTF-8"?>
<!-- Generated by org.testng.reporters.JUnitReportReporter -->
<testsuite hostname="LAPTOP-GPESAMI7" failures="0" tests="1" name="projectName.Tests.Test1" time="37.420" errors="0" timestamp="2025-07-26T21:56:00 IST" skipped="0">
  <testcase classname="projectName.Tests.Test1" name="completeJioMartPurchaseFlow" time="37.420"/>
</testsuite> <!-- projectName.Tests.Test1 -->
